20:27:05  [main] 	Initializing Control Panel
20:27:05  [main] 	Windows Version:  Home  64-bit
20:27:05  [main] 	XAMPP Version: 8.2.4
20:27:05  [main] 	Control Panel Version: 3.3.0  [ Compiled: Apr 6th 2021 ]
20:27:05  [main] 	You are not running with administrator rights! This will work for
20:27:05  [main] 	most application stuff but whenever you do something with services
20:27:05  [main] 	there will be a security dialogue or things will break! So think 
20:27:05  [main] 	about running this application with administrator rights!
20:27:05  [main] 	XAMPP Installation Directory: "c:\users\revox\desktop\winf_chatbot\winf_chatbot\xampp\"
20:27:05  [main] 	Checking for prerequisites
20:27:05  [main] 	All prerequisites found
20:27:05  [main] 	Initializing Modules
20:27:05  [main] 	The MySQL module is disabled
20:27:05  [main] 	The FileZilla module is disabled
20:27:05  [main] 	The Mercury module is disabled
20:27:05  [main] 	The Tomcat module is disabled
20:27:05  [main] 	Starting Check-Timer
20:27:05  [main] 	Control Panel Ready
20:27:55  [main] 	Executing "c:\users\revox\desktop\winf_chatbot\winf_chatbot\xampp\apache"
20:54:39  [main] 	Deinitializing Modules
20:54:39  [main] 	Deinitializing Control Panel

20:25:59  [main] 	Initializing Control Panel
20:25:59  [main] 	Windows Version:  Home  64-bit
20:25:59  [main] 	XAMPP Version: 8.2.4
20:25:59  [main] 	Control Panel Version: 3.3.0  [ Compiled: Apr 6th 2021 ]
20:25:59  [main] 	You are not running with administrator rights! This will work for
20:25:59  [main] 	most application stuff but whenever you do something with services
20:25:59  [main] 	there will be a security dialogue or things will break! So think 
20:25:59  [main] 	about running this application with administrator rights!
20:25:59  [main] 	XAMPP Installation Directory: "c:\users\revox\desktop\winf_chatbot\winf_chatbot\xampp\"
20:25:59  [main] 	Checking for prerequisites
20:25:59  [main] 	All prerequisites found
20:25:59  [main] 	Initializing Modules
20:25:59  [main] 	The MySQL module is disabled
20:25:59  [main] 	The FileZilla module is disabled
20:25:59  [main] 	The Mercury module is disabled
20:25:59  [main] 	The Tomcat module is disabled
20:25:59  [main] 	Starting Check-Timer
20:25:59  [main] 	Control Panel Ready
20:26:02  [Apache] 	Attempting to start Apache app...
20:26:02  [Apache] 	Status change detected: running
20:26:42  [Apache] 	Attempting to stop Apache (PID: 17116)
20:26:42  [Apache] 	Attempting to stop Apache (PID: 20800)
20:26:42  [Apache] 	Status change detected: stopped
20:55:05  [main] 	Deinitializing Modules
20:55:05  [main] 	Deinitializing Control Panel

21:13:38  [main] 	Initializing Control Panel
21:13:38  [main] 	Windows Version:  Home  64-bit
21:13:38  [main] 	XAMPP Version: 8.2.4
21:13:38  [main] 	Control Panel Version: 3.3.0  [ Compiled: Apr 6th 2021 ]
21:13:38  [main] 	You are not running with administrator rights! This will work for
21:13:38  [main] 	most application stuff but whenever you do something with services
21:13:38  [main] 	there will be a security dialogue or things will break! So think 
21:13:38  [main] 	about running this application with administrator rights!
21:13:38  [main] 	XAMPP Installation Directory: "c:\users\revox\desktop\winf_chatbot\winf_chatbot\xampp\"
21:13:38  [main] 	Checking for prerequisites
21:13:39  [main] 	All prerequisites found
21:13:39  [main] 	Initializing Modules
21:13:39  [main] 	The MySQL module is disabled
21:13:39  [main] 	The FileZilla module is disabled
21:13:39  [main] 	The Mercury module is disabled
21:13:39  [main] 	The Tomcat module is disabled
21:13:39  [main] 	Starting Check-Timer
21:13:39  [main] 	Control Panel Ready
00:27:44  [main] 	Deinitializing Modules
00:27:44  [main] 	Deinitializing Control Panel

