[Tue May 23 21:48:13.301726 2023] [ssl:warn] [pid 5896:tid 356] AH01909: www.example.com:443:0 server certificate does NOT include an ID which matches the server name
[Tue May 23 21:48:13.333538 2023] [ssl:warn] [pid 5896:tid 356] AH01909: www.example.com:443:0 server certificate does NOT include an ID which matches the server name
[Tue May 23 21:48:13.707347 2023] [mpm_winnt:notice] [pid 5896:tid 356] AH00455: Apache/2.4.56 (Win64) OpenSSL/1.1.1t PHP/8.2.4 configured -- resuming normal operations
[Tue May 23 21:48:13.707347 2023] [mpm_winnt:notice] [pid 5896:tid 356] AH00456: Apache Lounge VS16 Server built: Mar  7 2023 13:21:03
[Tue May 23 21:48:13.707347 2023] [core:notice] [pid 5896:tid 356] AH00094: Command line: 'C:\\xampp\\apache\\bin\\httpd.exe -d C:/xampp/apache'
[Tue May 23 21:48:13.713298 2023] [mpm_winnt:notice] [pid 5896:tid 356] AH00418: Parent: Created child process 12268
[Tue May 23 21:48:14.184831 2023] [ssl:warn] [pid 12268:tid 372] AH01909: www.example.com:443:0 server certificate does NOT include an ID which matches the server name
[Tue May 23 21:48:14.213805 2023] [ssl:warn] [pid 12268:tid 372] AH01909: www.example.com:443:0 server certificate does NOT include an ID which matches the server name
[Tue May 23 21:48:14.254122 2023] [mpm_winnt:notice] [pid 12268:tid 372] AH00354: Child: Starting 150 worker threads.
[Tue May 23 21:53:38.817501 2023] [ssl:warn] [pid 11912:tid 376] AH01909: www.example.com:443:0 server certificate does NOT include an ID which matches the server name
[Tue May 23 21:53:38.844711 2023] [ssl:warn] [pid 11912:tid 376] AH01909: www.example.com:443:0 server certificate does NOT include an ID which matches the server name
[Tue May 23 21:53:38.881349 2023] [mpm_winnt:notice] [pid 11912:tid 376] AH00455: Apache/2.4.56 (Win64) OpenSSL/1.1.1t PHP/8.2.4 configured -- resuming normal operations
[Tue May 23 21:53:38.881349 2023] [mpm_winnt:notice] [pid 11912:tid 376] AH00456: Apache Lounge VS16 Server built: Mar  7 2023 13:21:03
[Tue May 23 21:53:38.881349 2023] [core:notice] [pid 11912:tid 376] AH00094: Command line: 'c:\\xampp\\apache\\bin\\httpd.exe -d C:/xampp/apache'
[Tue May 23 21:53:38.885049 2023] [mpm_winnt:notice] [pid 11912:tid 376] AH00418: Parent: Created child process 15540
[Tue May 23 21:53:39.290784 2023] [ssl:warn] [pid 15540:tid 380] AH01909: www.example.com:443:0 server certificate does NOT include an ID which matches the server name
[Tue May 23 21:53:39.317318 2023] [ssl:warn] [pid 15540:tid 380] AH01909: www.example.com:443:0 server certificate does NOT include an ID which matches the server name
[Tue May 23 21:53:39.353414 2023] [mpm_winnt:notice] [pid 15540:tid 380] AH00354: Child: Starting 150 worker threads.
[Wed May 24 19:17:06.744576 2023] [ssl:warn] [pid 34812:tid 344] AH01909: www.example.com:443:0 server certificate does NOT include an ID which matches the server name
[Wed May 24 19:17:06.769742 2023] [core:warn] [pid 34812:tid 344] AH00098: pid file C:/xampp/apache/logs/httpd.pid overwritten -- Unclean shutdown of previous Apache run?
[Wed May 24 19:17:06.771750 2023] [ssl:warn] [pid 34812:tid 344] AH01909: www.example.com:443:0 server certificate does NOT include an ID which matches the server name
[Wed May 24 19:17:06.811071 2023] [mpm_winnt:notice] [pid 34812:tid 344] AH00455: Apache/2.4.56 (Win64) OpenSSL/1.1.1t PHP/8.2.4 configured -- resuming normal operations
[Wed May 24 19:17:06.811071 2023] [mpm_winnt:notice] [pid 34812:tid 344] AH00456: Apache Lounge VS16 Server built: Mar  7 2023 13:21:03
[Wed May 24 19:17:06.811071 2023] [core:notice] [pid 34812:tid 344] AH00094: Command line: 'c:\\xampp\\apache\\bin\\httpd.exe -d C:/xampp/apache'
[Wed May 24 19:17:06.813471 2023] [mpm_winnt:notice] [pid 34812:tid 344] AH00418: Parent: Created child process 14860
[Wed May 24 19:17:07.106667 2023] [ssl:warn] [pid 14860:tid 336] AH01909: www.example.com:443:0 server certificate does NOT include an ID which matches the server name
[Wed May 24 19:17:07.130050 2023] [ssl:warn] [pid 14860:tid 336] AH01909: www.example.com:443:0 server certificate does NOT include an ID which matches the server name
[Wed May 24 19:17:07.167337 2023] [mpm_winnt:notice] [pid 14860:tid 336] AH00354: Child: Starting 150 worker threads.
[Wed May 24 19:18:58.250429 2023] [mpm_winnt:crit] [pid 14860:tid 336] AH02538: Child: Parent process exited abruptly. Child process is ending
[Sun May 28 20:48:57.980977 2023] [ssl:warn] [pid 23004:tid 328] AH01909: www.example.com:443:0 server certificate does NOT include an ID which matches the server name
[Sun May 28 20:48:58.006636 2023] [core:warn] [pid 23004:tid 328] AH00098: pid file C:/xampp/apache/logs/httpd.pid overwritten -- Unclean shutdown of previous Apache run?
[Sun May 28 20:48:58.007636 2023] [ssl:warn] [pid 23004:tid 328] AH01909: www.example.com:443:0 server certificate does NOT include an ID which matches the server name
[Sun May 28 20:48:58.173798 2023] [mpm_winnt:notice] [pid 23004:tid 328] AH00455: Apache/2.4.56 (Win64) OpenSSL/1.1.1t PHP/8.2.4 configured -- resuming normal operations
[Sun May 28 20:48:58.173798 2023] [mpm_winnt:notice] [pid 23004:tid 328] AH00456: Apache Lounge VS16 Server built: Mar  7 2023 13:21:03
[Sun May 28 20:48:58.173798 2023] [core:notice] [pid 23004:tid 328] AH00094: Command line: 'c:\\xampp\\apache\\bin\\httpd.exe -d C:/xampp/apache'
[Sun May 28 20:48:58.175352 2023] [mpm_winnt:notice] [pid 23004:tid 328] AH00418: Parent: Created child process 14576
[Sun May 28 20:48:58.486715 2023] [ssl:warn] [pid 14576:tid 372] AH01909: www.example.com:443:0 server certificate does NOT include an ID which matches the server name
[Sun May 28 20:48:58.511603 2023] [ssl:warn] [pid 14576:tid 372] AH01909: www.example.com:443:0 server certificate does NOT include an ID which matches the server name
[Sun May 28 20:48:58.555296 2023] [mpm_winnt:notice] [pid 14576:tid 372] AH00354: Child: Starting 150 worker threads.
[Tue May 30 20:26:03.638416 2023] [ssl:warn] [pid 17116:tid 356] AH01909: www.example.com:443:0 server certificate does NOT include an ID which matches the server name
[Tue May 30 20:26:03.684132 2023] [core:warn] [pid 17116:tid 356] AH00098: pid file C:/Users/Revox/Desktop/Winf_Chatbot/Winf_Chatbot/xampp/apache/logs/httpd.pid overwritten -- Unclean shutdown of previous Apache run?
[Tue May 30 20:26:03.684132 2023] [ssl:warn] [pid 17116:tid 356] AH01909: www.example.com:443:0 server certificate does NOT include an ID which matches the server name
[Tue May 30 20:26:03.926572 2023] [mpm_winnt:notice] [pid 17116:tid 356] AH00455: Apache/2.4.56 (Win64) OpenSSL/1.1.1t PHP/8.2.4 configured -- resuming normal operations
[Tue May 30 20:26:03.926572 2023] [mpm_winnt:notice] [pid 17116:tid 356] AH00456: Apache Lounge VS16 Server built: Mar  7 2023 13:21:03
[Tue May 30 20:26:03.926572 2023] [core:notice] [pid 17116:tid 356] AH00094: Command line: 'c:\\users\\revox\\desktop\\winf_chatbot\\winf_chatbot\\xampp\\apache\\bin\\httpd.exe -d C:/Users/Revox/Desktop/Winf_Chatbot/Winf_Chatbot/xampp/apache'
[Tue May 30 20:26:03.926572 2023] [mpm_winnt:notice] [pid 17116:tid 356] AH00418: Parent: Created child process 20800
[Tue May 30 20:26:04.239381 2023] [ssl:warn] [pid 20800:tid 360] AH01909: www.example.com:443:0 server certificate does NOT include an ID which matches the server name
[Tue May 30 20:26:04.289729 2023] [ssl:warn] [pid 20800:tid 360] AH01909: www.example.com:443:0 server certificate does NOT include an ID which matches the server name
[Tue May 30 20:26:04.331084 2023] [mpm_winnt:notice] [pid 20800:tid 360] AH00354: Child: Starting 150 worker threads.
